<?xml version="1.0" encoding="utf-8"?><testsuites name="pytest tests"><testsuite name="pytest" errors="0" failures="0" skipped="0" tests="7" time="1.377" timestamp="2026-06-24T01:51:05.438235+00:00" hostname="agent-env-52f166d6-31c9-463b-9bba-bf51915fcb33"><testcase classname="backend.tests.test_quotes" name="test_root" time="0.259" /><testcase classname="backend.tests.test_quotes" name="test_create_quote_and_persist" time="0.176" /><testcase classname="backend.tests.test_quotes" name="test_create_quote_minimal" time="0.132" /><testcase classname="backend.tests.test_quotes" name="test_create_quote_missing_required" time="0.101" /><testcase classname="backend.tests.test_quotes" name="test_create_quote_with_consent_and_preferred_service" time="0.222" /><testcase classname="backend.tests.test_quotes" name="test_create_quote_consent_defaults_false" time="0.142" /><testcase classname="backend.tests.test_quotes" name="test_get_quotes_sorted_desc" time="0.153" /></testsuite></testsuites>